[debug] [2025-06-16T21:24:32.318Z] ----------------------------------------------------------------------
[debug] [2025-06-16T21:24:32.320Z] Command:       C:\Program Files\nodejs\node.exe C:\Users\pateldat\AppData\Roaming\npm\node_modules\firebase-tools\lib\bin\firebase.js init
[debug] [2025-06-16T21:24:32.321Z] CLI Version:   14.7.0
[debug] [2025-06-16T21:24:32.321Z] Platform:      win32
[debug] [2025-06-16T21:24:32.321Z] Node Version:  v22.16.0
[debug] [2025-06-16T21:24:32.321Z] Time:          Mon Jun 16 2025 17:24:32 GMT-0400 (Eastern Daylight Time)
[debug] [2025-06-16T21:24:32.321Z] ----------------------------------------------------------------------
[debug] 
[debug] [2025-06-16T21:24:32.327Z] > command requires scopes: ["email","openid","https://www.googleapis.com/auth/cloudplatformprojects.readonly","https://www.googleapis.com/auth/firebase","https://www.googleapis.com/auth/cloud-platform"]
[debug] [2025-06-16T21:24:32.328Z] > authorizing via signed-in user (dattu.patel.colliers@gmail.com)
[info] 
     ######## #### ########  ######## ########     ###     ######  ########
     ##        ##  ##     ## ##       ##     ##  ##   ##  ##       ##
     ######    ##  ########  ######   ########  #########  ######  ######
     ##        ##  ##    ##  ##       ##     ## ##     ##       ## ##
     ##       #### ##     ## ######## ########  ##     ##  ######  ########

You're about to initialize a Firebase project in this directory:

  C:\Code\Playground\my-qr-code-app

Before we get started, keep in mind:

  * You are currently outside your home directory

[info] 
=== Project Setup
[info] 
[info] First, let's associate this project directory with a Firebase project.
[info] You can create multiple project aliases by running firebase use --add, 
[info] but for now we'll just set up a default project.
[info] 
[info] i  If you want to create a project in a Google Cloud organization or folder, please use "firebase projects:create" instead, and return to this command when you've created the project. 
[debug] [2025-06-16T21:24:53.260Z] Checked if tokens are valid: true, expires at: 1750112346390
[debug] [2025-06-16T21:24:53.261Z] Checked if tokens are valid: true, expires at: 1750112346390
[debug] [2025-06-16T21:24:53.262Z] >>> [apiv2][query] POST https://cloudresourcemanager.googleapis.com/v1/projects [none]
[debug] [2025-06-16T21:24:53.262Z] >>> [apiv2][body] POST https://cloudresourcemanager.googleapis.com/v1/projects {"projectId":"Colliers-QR-Code-Tool","name":"Colliers-QR-Code-Tool"}
[debug] [2025-06-16T21:24:53.685Z] <<< [apiv2][status] POST https://cloudresourcemanager.googleapis.com/v1/projects 400
[debug] [2025-06-16T21:24:53.685Z] <<< [apiv2][body] POST https://cloudresourcemanager.googleapis.com/v1/projects {"error":{"code":400,"message":"field [project_id] has issue [project_id contains invalid characters]","status":"INVALID_ARGUMENT","details":[{"@type":"type.googleapis.com/google.rpc.BadRequest","fieldViolations":[{"field":"project_id","description":"project_id contains invalid characters"}]},{"@type":"type.googleapis.com/google.rpc.Help","links":[{"url":"https://cloud.google.com/resource-manager/reference/rest/v1/projects"}]}]}}
[debug] [2025-06-16T21:24:53.688Z] FirebaseError: Request to https://cloudresourcemanager.googleapis.com/v1/projects had HTTP Error: 400, field [project_id] has issue [project_id contains invalid characters]
    at responseToError (C:\Users\pateldat\AppData\Roaming\npm\node_modules\firebase-tools\lib\responseToError.js:52:12)
    at RetryOperation._fn (C:\Users\pateldat\AppData\Roaming\npm\node_modules\firebase-tools\lib\apiv2.js:312:77)
    at process.processTicksAndRejections (node:internal/process/task_queues:105:5)
[error] 
[error] Error: Failed to create project. See firebase-debug.log for more info.
